### 20.09.2021 21:37:44
Array
(
    [0] => Array
        (
            [name] => Пицца
            [price] => 24
        )

    [1] => Array
        (
            [name] => Чай
            [price] => 1
        )

    [2] => Array
        (
            [name] => Яблоко
            [price] => 12
        )

)



### 20.09.2021 21:38:20
Array
(
    [0] => Array
        (
            [name] => Пицца
            [price] => 24
        )

    [1] => Array
        (
            [name] => Чай
            [price] => 1
        )

    [2] => Array
        (
            [name] => Яблоко
            [price] => 12
        )

)



### 20.09.2021 21:39:07
Array
(
    [0] => Array
        (
            [name] => Пицца
            [price] => 24
        )

    [1] => Array
        (
            [name] => Чай
            [price] => 1
        )

    [2] => Array
        (
            [name] => Яблоко
            [price] => 12
        )

)



